#
# A fatal error has been detected by the Java Runtime Environment:
#
#  EXCEPTION_ACCESS_VIOLATION (0xc0000005) at pc=0x00007ffcd74cbf85, pid=760, tid=9152
#
# JRE version: OpenJDK Runtime Environment (11.0+28) (build 11+28)
# Java VM: OpenJDK 64-Bit Server VM (11+28, mixed mode, tiered, compressed oops, g1 gc, windows-amd64)
# Problematic frame:
# V  [jvm.dll+0x20bf85]
#
# No core dump will be written. Minidumps are not enabled by default on client versions of Windows
#
# If you would like to submit a bug report, please visit:
#   http://bugreport.java.com/bugreport/crash.jsp
#

---------------  S U M M A R Y ------------

Command Line: --add-opens=java.base/java.util=ALL-UNNAMED --add-opens=java.base/java.lang=ALL-UNNAMED --add-opens=java.base/java.lang.invoke=ALL-UNNAMED --add-opens=java.prefs/java.util.prefs=ALL-UNNAMED -XX:MaxMetaspaceSize=256m -XX:+HeapDumpOnOutOfMemoryError -Xms256m -Xmx512m -Dfile.encoding=windows-1252 -Duser.country=FR -Duser.language=fr -Duser.variant org.gradle.launcher.daemon.bootstrap.GradleDaemon 6.0.1

Host: Intel(R) Core(TM) i7-4510U CPU @ 2.00GHz, 4 cores, 7G,  Windows 8.1 , 64 bit Build 9600 (6.3.9600.19538)
Time: Thu Mar  5 16:34:38 2020 Paris, Madrid elapsed time: 24361 seconds (0d 6h 46m 1s)

---------------  T H R E A D  ---------------

Current thread (0x000000a8d46af800):  ConcurrentGCThread "G1 Conc#0" [stack: 0x000000a8ecd60000,0x000000a8ece60000] [id=9152]

Stack: [0x000000a8ecd60000,0x000000a8ece60000],  sp=0x000000a8ece5fb70,  free space=1022k
Native frames: (J=compiled Java code, j=interpreted, Vv=VM code, C=native code)
V  [jvm.dll+0x20bf85]
V  [jvm.dll+0x2fdb66]
V  [jvm.dll+0x2fa16b]
V  [jvm.dll+0x2fbbac]
V  [jvm.dll+0x2faab7]
V  [jvm.dll+0x2fe846]
V  [jvm.dll+0x7aa2a0]
V  [jvm.dll+0x639e42]
C  [ucrtbase.DLL+0x1d885]
C  [KERNEL32.DLL+0x13d2]
C  [ntdll.dll+0x154f4]


siginfo: EXCEPTION_ACCESS_VIOLATION (0xc0000005), reading address 0x0000000000000008


Register to memory mapping:

RIP=0x00007ffcd74cbf85 jvm.dll
RAX=0x0 is NULL
RBX=0x00000000e4e0d018 is pointing into object: 0x00000000e4e0d008
com.sun.tools.javac.util.UnsharedNameTable$HashEntry 
{0x00000000e4e0d008} - klass: 'com/sun/tools/javac/util/UnsharedNameTable$HashEntry'
RCX=0x0000000000000003 is an unknown value
RDX=0x0000000000000001 is an unknown value
RSP=0x000000a8ece5fb70 points into unknown readable memory
RBP=0x000000a8ece5fc60 points into unknown readable memory
RSI=0x000000a8ece5fc60 points into unknown readable memory
RDI=0x000000a8d46b1260 points into unknown readable memory
R8 =0x00000000e4e0d018 is pointing into object: 0x00000000e4e0d008
com.sun.tools.javac.util.UnsharedNameTable$HashEntry 
{0x00000000e4e0d008} - klass: 'com/sun/tools/javac/util/UnsharedNameTable$HashEntry'
R9 =0x0 is NULL
R10=0x0 is NULL
R11=0x000000a8ebc60000 points into unknown readable memory
R12=0x000000a8d46b13a0 points into unknown readable memory
R13=0x0 is NULL
R14=0x000000a8d46aa7b8 points into unknown readable memory
R15=0x000000a8d46b0401 points into unknown readable memory


Registers:
RAX=0x0000000000000000, RBX=0x00000000e4e0d018, RCX=0x0000000000000003, RDX=0x0000000000000001
RSP=0x000000a8ece5fb70, RBP=0x000000a8ece5fc60, RSI=0x000000a8ece5fc60, RDI=0x000000a8d46b1260
R8 =0x00000000e4e0d018, R9 =0x0000000000000000, R10=0x0000000000000000, R11=0x000000a8ebc60000
R12=0x000000a8d46b13a0, R13=0x0000000000000000, R14=0x000000a8d46aa7b8, R15=0x000000a8d46b0401
RIP=0x00007ffcd74cbf85, EFLAGS=0x0000000000010246

Top of Stack: (sp=0x000000a8ece5fb70)
0x000000a8ece5fb70:   000000000002625a 0000000000b532b8
0x000000a8ece5fb80:   000066ccab01f373 0000000000000004
0x000000a8ece5fb90:   000000a8d46b1260 00007ffcd75bdb66
0x000000a8ece5fba0:   000000a8d46b1260 00000000e4e00000
0x000000a8ece5fbb0:   000000a8d46b1260 00007ffcd78f4bdc
0x000000a8ece5fbc0:   00000000009e0000 00007ffcd75ba16b
0x000000a8ece5fbd0:   00000000009c1a03 0000000000977beb
0x000000a8ece5fbe0:   000000a8ece5fc10 000000a8ece5fc60
0x000000a8ece5fbf0:   00000000e4e0d018 00007ffcd75bbbac
0x000000a8ece5fc00:   00000000e4e0d018 00007ffcd75bcd8e
0x000000a8ece5fc10:   00000000009c1a03 000000000002625a
0x000000a8ece5fc20:   000000a8d46b0401 000000a8d46b0080
0x000000a8ece5fc30:   000000a8d46b1260 00007ffcd75baab7
0x000000a8ece5fc40:   aaaaaaaaaaaaaaab 0000000000000000
0x000000a8ece5fc50:   00000000e4e00000 00000000e4d00000
0x000000a8ece5fc60:   000000a8d46aa7a0 000000a8d46b1260 

Instructions: (pc=0x00007ffcd74cbf85)
0x00007ffcd74cbf65:   8b 15 25 7d 81 00 84 d2 74 0f 45 8b 48 08 41 8b
0x00007ffcd74cbf75:   c1 48 d3 e0 49 03 c2 eb 07 49 8b 40 08 44 8b c8
0x00007ffcd74cbf85:   81 78 08 00 00 00 c0 7d 2e 84 d2 74 0b 41 8b d1
0x00007ffcd74cbf95:   48 d3 e2 49 03 d2 eb 04 49 8b 50 08 49 8b c8 e8 



---------------  P R O C E S S  ---------------

Threads class SMR info:
_java_thread_list=0x000000a8f7ffe910, length=43, elements={
0x000000a8d4686000, 0x000000a8ef474000, 0x000000a8ef477000, 0x000000a8efefc000,
0x000000a8efeff000, 0x000000a8eff00800, 0x000000a8eff09000, 0x000000a8eff0a800,
0x000000a8f006b800, 0x000000a8f0087000, 0x000000a8f12d8800, 0x000000a8f24fe800,
0x000000a8f1ecf000, 0x000000a8f32a8800, 0x000000a8f32a6800, 0x000000a8f32a7800,
0x000000a8f32a9000, 0x000000a8f37f2000, 0x000000a8f37f3800, 0x000000a8f37f9000,
0x000000a8f32a6000, 0x000000a8f32ac800, 0x000000a8f293c800, 0x000000a8f293a000,
0x000000a8f293d000, 0x000000a8f2939000, 0x000000a8f293a800, 0x000000a8f293e000,
0x000000a8f293b800, 0x000000a8f293f800, 0x000000a8f2940800, 0x000000a8f293e800,
0x000000a8f2943800, 0x000000a8f2942000, 0x000000a8f2941000, 0x000000a8f2944800,
0x000000a8f2943000, 0x000000a8f2945800, 0x000000a8f2947000, 0x000000a8f2947800,
0x000000a8f2946000, 0x000000a8f37f0000, 0x000000a8f37f1000
}

Java Threads: ( => current thread )
  0x000000a8d4686000 JavaThread "main" [_thread_blocked, id=5040, stack(0x000000a8d3d30000,0x000000a8d3e30000)]
  0x000000a8ef474000 JavaThread "Reference Handler" daemon [_thread_blocked, id=5696, stack(0x000000a8f03a0000,0x000000a8f04a0000)]
  0x000000a8ef477000 JavaThread "Finalizer" daemon [_thread_blocked, id=6004, stack(0x000000a8f04a0000,0x000000a8f05a0000)]
  0x000000a8efefc000 JavaThread "Signal Dispatcher" daemon [_thread_blocked, id=8764, stack(0x000000a8f06a0000,0x000000a8f07a0000)]
  0x000000a8efeff000 JavaThread "Attach Listener" daemon [_thread_blocked, id=6752, stack(0x000000a8f07a0000,0x000000a8f08a0000)]
  0x000000a8eff00800 JavaThread "C2 CompilerThread0" daemon [_thread_blocked, id=7436, stack(0x000000a8f08a0000,0x000000a8f09a0000)]
  0x000000a8eff09000 JavaThread "C1 CompilerThread0" daemon [_thread_blocked, id=2332, stack(0x000000a8f09a0000,0x000000a8f0aa0000)]
  0x000000a8eff0a800 JavaThread "Sweeper thread" daemon [_thread_blocked, id=7932, stack(0x000000a8f0aa0000,0x000000a8f0ba0000)]
  0x000000a8f006b800 JavaThread "Common-Cleaner" daemon [_thread_blocked, id=4460, stack(0x000000a8f0ba0000,0x000000a8f0ca0000)]
  0x000000a8f0087000 JavaThread "Service Thread" daemon [_thread_blocked, id=5116, stack(0x000000a8f0ca0000,0x000000a8f0da0000)]
  0x000000a8f12d8800 JavaThread "Daemon health stats" [_thread_blocked, id=1360, stack(0x000000a8f2b70000,0x000000a8f2c70000)]
  0x000000a8f24fe800 JavaThread "Incoming local TCP Connector on port 56404" [_thread_in_native, id=8252, stack(0x000000a8f51f0000,0x000000a8f52f0000)]
  0x000000a8f1ecf000 JavaThread "Daemon periodic checks" [_thread_blocked, id=6044, stack(0x000000a8f5640000,0x000000a8f5740000)]
  0x000000a8f32a8800 JavaThread "Cache worker for file hash cache (C:\Users\Nathan\.gradle\caches\6.0.1\fileHashes)" [_thread_blocked, id=9484, stack(0x000000a8f6340000,0x000000a8f6440000)]
  0x000000a8f32a6800 JavaThread "File lock request listener" [_thread_in_native, id=9132, stack(0x000000a8f6440000,0x000000a8f6540000)]
  0x000000a8f32a7800 JavaThread "Cache worker for journal cache (C:\Users\Nathan\.gradle\caches\journal-1)" [_thread_blocked, id=7016, stack(0x000000a8f6540000,0x000000a8f6640000)]
  0x000000a8f32a9000 JavaThread "Cache worker for execution history cache (C:\Users\Nathan\.gradle\caches\6.0.1\executionHistory)" [_thread_blocked, id=8372, stack(0x000000a8f7a30000,0x000000a8f7b30000)]
  0x000000a8f37f2000 JavaThread "Memory manager" [_thread_blocked, id=9704, stack(0x000000a8f99b0000,0x000000a8f9ab0000)]
  0x000000a8f37f3800 JavaThread "Cache worker for file content cache (C:\Users\Nathan\.gradle\caches\6.0.1\fileContent)" [_thread_blocked, id=6188, stack(0x000000a8f9d00000,0x000000a8f9e00000)]
  0x000000a8f37f9000 JavaThread "Cache worker for Java compile cache (C:\Users\Nathan\.gradle\caches\6.0.1\javaCompile)" [_thread_blocked, id=7520, stack(0x000000a8f8d20000,0x000000a8f8e20000)]
  0x000000a8f32a6000 JavaThread "Daemon Thread 17" [_thread_blocked, id=3952, stack(0x000000a8f5940000,0x000000a8f5a40000)]
  0x000000a8f32ac800 JavaThread "Daemon worker Thread 17" [_thread_blocked, id=9832, stack(0x000000a8f5c40000,0x000000a8f5d40000)]
  0x000000a8f293c800 JavaThread "Exec process Thread 52" [_thread_blocked, id=11400, stack(0x000000a8fc510000,0x000000a8fc610000)]
  0x000000a8f293a000 JavaThread "Exec process Thread 53" [_thread_blocked, id=9336, stack(0x000000a8fdc60000,0x000000a8fdd60000)]
  0x000000a8f293d000 JavaThread "Exec process Thread 54" [_thread_blocked, id=11892, stack(0x000000a8fdd60000,0x000000a8fde60000)]
  0x000000a8f2939000 JavaThread "Handler for socket connection from /127.0.0.1:56404 to /127.0.0.1:60839" [_thread_in_native, id=564, stack(0x000000a8f5a40000,0x000000a8f5b40000)]
  0x000000a8f293a800 JavaThread "Cancel handler" [_thread_blocked, id=7244, stack(0x000000a8f5b40000,0x000000a8f5c40000)]
  0x000000a8f293e000 JavaThread "Asynchronous log dispatcher for DefaultDaemonConnection: socket connection from /127.0.0.1:56404 to /127.0.0.1:60839" [_thread_blocked, id=8776, stack(0x000000a8f5e40000,0x000000a8f5f40000)]
  0x000000a8f293b800 JavaThread "Stdin handler" [_thread_blocked, id=6364, stack(0x000000a8f5f40000,0x000000a8f6040000)]
  0x000000a8f293f800 JavaThread "Thread-1062" [_thread_blocked, id=7592, stack(0x000000a8f6040000,0x000000a8f6140000)]
  0x000000a8f2940800 JavaThread "Cache worker for file hash cache (C:\Users\Nathan\Documents\ptrans\uPMT\.gradle\6.0.1\fileHashes)" [_thread_blocked, id=4252, stack(0x000000a8f6640000,0x000000a8f6740000)]
  0x000000a8f293e800 JavaThread "Cache worker for cache directory md-supplier (C:\Users\Nathan\.gradle\caches\6.0.1\md-supplier)" [_thread_blocked, id=9876, stack(0x000000a8f6740000,0x000000a8f6840000)]
  0x000000a8f2943800 JavaThread "Cache worker for cache directory md-rule (C:\Users\Nathan\.gradle\caches\6.0.1\md-rule)" [_thread_blocked, id=11200, stack(0x000000a8f7510000,0x000000a8f7610000)]
  0x000000a8f2942000 JavaThread "Build operations" [_thread_blocked, id=1732, stack(0x000000a8f8e20000,0x000000a8f8f20000)]
  0x000000a8f2941000 JavaThread "Build operations Thread 2" [_thread_blocked, id=1356, stack(0x000000a8f8f20000,0x000000a8f9020000)]
  0x000000a8f2944800 JavaThread "Build operations Thread 3" [_thread_blocked, id=11776, stack(0x000000a8f9020000,0x000000a8f9120000)]
  0x000000a8f2943000 JavaThread "Build operations Thread 4" [_thread_blocked, id=9928, stack(0x000000a8f9120000,0x000000a8f9220000)]
  0x000000a8f2945800 JavaThread "Cache worker for Build Output Cleanup Cache (C:\Users\Nathan\Documents\ptrans\uPMT\.gradle\buildOutputCleanup)" [_thread_blocked, id=10908, stack(0x000000a8f9220000,0x000000a8f9320000)]
  0x000000a8f2947000 JavaThread "Cache worker for file content cache (C:\Users\Nathan\Documents\ptrans\uPMT\.gradle\6.0.1\fileContent)" [_thread_blocked, id=4560, stack(0x000000a8f9e00000,0x000000a8f9f00000)]
  0x000000a8f2947800 JavaThread "Execution worker for ':'" [_thread_blocked, id=3156, stack(0x000000a8f9f00000,0x000000a8fa000000)]
  0x000000a8f2946000 JavaThread "Execution worker for ':' Thread 2" [_thread_blocked, id=1672, stack(0x000000a8fb250000,0x000000a8fb350000)]
  0x000000a8f37f0000 JavaThread "Execution worker for ':' Thread 3" [_thread_blocked, id=11812, stack(0x000000a8fb350000,0x000000a8fb450000)]
  0x000000a8f37f1000 JavaThread "Cache worker for execution history cache (C:\Users\Nathan\Documents\ptrans\uPMT\.gradle\6.0.1\executionHistory)" [_thread_blocked, id=9468, stack(0x000000a8fbb10000,0x000000a8fbc10000)]

Other Threads:
  0x000000a8ef49e800 VMThread "VM Thread" [stack: 0x000000a8f02a0000,0x000000a8f03a0000] [id=8736]
  0x000000a8f0088800 WatcherThread [stack: 0x000000a8f0da0000,0x000000a8f0ea0000] [id=4332]
  0x000000a8d469c800 GCTaskThread "GC Thread#0" [stack: 0x000000a8d4040000,0x000000a8d4140000] [id=4488]
  0x000000a8f0134800 GCTaskThread "GC Thread#1" [stack: 0x000000a8f16a0000,0x000000a8f17a0000] [id=6864]
  0x000000a8f0ff6800 GCTaskThread "GC Thread#2" [stack: 0x000000a8f17a0000,0x000000a8f18a0000] [id=8352]
  0x000000a8f0ff7000 GCTaskThread "GC Thread#3" [stack: 0x000000a8f18a0000,0x000000a8f19a0000] [id=1280]
  0x000000a8d46ad000 ConcurrentGCThread "G1 Main Marker" [stack: 0x000000a8ecc60000,0x000000a8ecd60000] [id=5440]
=>0x000000a8d46af800 ConcurrentGCThread "G1 Conc#0" [stack: 0x000000a8ecd60000,0x000000a8ece60000] [id=9152]
  0x000000a8d472e800 ConcurrentGCThread "G1 Refine#0" [stack: 0x000000a8ef4a0000,0x000000a8ef5a0000] [id=6328]
  0x000000a8f288a000 ConcurrentGCThread "G1 Refine#1" [stack: 0x000000a8f3c40000,0x000000a8f3d40000] [id=8152]
  0x000000a8f15e4800 ConcurrentGCThread "G1 Refine#2" [stack: 0x000000a8fbe10000,0x000000a8fbf10000] [id=2960]
  0x000000a8f8736800 ConcurrentGCThread "G1 Refine#3" [stack: 0x000000a8fbf10000,0x000000a8fc010000] [id=1956]
  0x000000a8ef313000 ConcurrentGCThread "G1 Young RemSet Sampling" [stack: 0x000000a8ef5a0000,0x000000a8ef6a0000] [id=7620]

Threads with active compile tasks:

VM state:not at safepoint (normal execution)

VM Mutex/Monitor currently owned by a thread: None

Heap address: 0x00000000e0000000, size: 512 MB, Compressed Oops mode: 32-bit
Narrow klass base: 0x0000000000000000, Narrow klass shift: 3
Compressed class space size: 260046848 Address: 0x0000000100000000

Heap:
 garbage-first heap   total 262144K, used 134144K [0x00000000e0000000, 0x0000000100000000)
  region size 1024K, 7 young (7168K), 3 survivors (3072K)
 Metaspace       used 70597K, capacity 72787K, committed 72960K, reserved 319488K
  class space    used 8374K, capacity 9167K, committed 9216K, reserved 253952K
Heap Regions: E=young(eden), S=young(survivor), O=old, HS=humongous(starts), HC=humongous(continues), CS=collection set, F=free, A=archive, TAMS=top-at-mark-start (previous, next)
|   0|0x00000000e0000000, 0x00000000e0100000, 0x00000000e0100000|100%| O|  |TAMS 0x00000000e0100000, 0x00000000e0100000| Untracked 
|   1|0x00000000e0100000, 0x00000000e0200000, 0x00000000e0200000|100%| O|  |TAMS 0x00000000e0200000, 0x00000000e0200000| Untracked 
|   2|0x00000000e0200000, 0x00000000e0300000, 0x00000000e0300000|100%| O|  |TAMS 0x00000000e0300000, 0x00000000e0300000| Untracked 
|   3|0x00000000e0300000, 0x00000000e0400000, 0x00000000e0400000|100%|HS|  |TAMS 0x00000000e0400000, 0x00000000e0400000| Complete 
|   4|0x00000000e0400000, 0x00000000e0500000, 0x00000000e0500000|100%|HC|  |TAMS 0x00000000e0500000, 0x00000000e0500000| Complete 
|   5|0x00000000e0500000, 0x00000000e0600000, 0x00000000e0600000|100%|HC|  |TAMS 0x00000000e0600000, 0x00000000e0600000| Complete 
|   6|0x00000000e0600000, 0x00000000e0700000, 0x00000000e0700000|100%| O|  |TAMS 0x00000000e0700000, 0x00000000e0700000| Untracked 
|   7|0x00000000e0700000, 0x00000000e0800000, 0x00000000e0800000|100%| O|  |TAMS 0x00000000e0800000, 0x00000000e0800000| Untracked 
|   8|0x00000000e0800000, 0x00000000e0900000, 0x00000000e0900000|100%| O|  |TAMS 0x00000000e0900000, 0x00000000e0900000| Untracked 
|   9|0x00000000e0900000, 0x00000000e0a00000, 0x00000000e0a00000|100%| O|  |TAMS 0x00000000e0a00000, 0x00000000e0a00000| Untracked 
|  10|0x00000000e0a00000, 0x00000000e0b00000, 0x00000000e0b00000|100%| O|  |TAMS 0x00000000e0b00000, 0x00000000e0b00000| Untracked 
|  11|0x00000000e0b00000, 0x00000000e0c00000, 0x00000000e0c00000|100%| O|  |TAMS 0x00000000e0c00000, 0x00000000e0c00000| Untracked 
|  12|0x00000000e0c00000, 0x00000000e0d00000, 0x00000000e0d00000|100%| O|  |TAMS 0x00000000e0d00000, 0x00000000e0d00000| Untracked 
|  13|0x00000000e0d00000, 0x00000000e0e00000, 0x00000000e0e00000|100%| O|  |TAMS 0x00000000e0e00000, 0x00000000e0e00000| Untracked 
|  14|0x00000000e0e00000, 0x00000000e0f00000, 0x00000000e0f00000|100%| O|  |TAMS 0x00000000e0f00000, 0x00000000e0f00000| Untracked 
|  15|0x00000000e0f00000, 0x00000000e1000000, 0x00000000e1000000|100%| O|  |TAMS 0x00000000e1000000, 0x00000000e1000000| Untracked 
|  16|0x00000000e1000000, 0x00000000e1100000, 0x00000000e1100000|100%| O|  |TAMS 0x00000000e1100000, 0x00000000e1100000| Untracked 
|  17|0x00000000e1100000, 0x00000000e1200000, 0x00000000e1200000|100%| O|  |TAMS 0x00000000e1200000, 0x00000000e1200000| Untracked 
|  18|0x00000000e1200000, 0x00000000e1300000, 0x00000000e1300000|100%| O|  |TAMS 0x00000000e1200000, 0x00000000e1300000| Untracked 
|  19|0x00000000e1300000, 0x00000000e1400000, 0x00000000e1400000|100%| O|  |TAMS 0x00000000e1400000, 0x00000000e1400000| Untracked 
|  20|0x00000000e1400000, 0x00000000e1500000, 0x00000000e1500000|100%| O|  |TAMS 0x00000000e1500000, 0x00000000e1500000| Untracked 
|  21|0x00000000e1500000, 0x00000000e1600000, 0x00000000e1600000|100%| O|  |TAMS 0x00000000e1500000, 0x00000000e1600000| Untracked 
|  22|0x00000000e1600000, 0x00000000e1700000, 0x00000000e1700000|100%| O|  |TAMS 0x00000000e1600000, 0x00000000e1700000| Untracked 
|  23|0x00000000e1700000, 0x00000000e1800000, 0x00000000e1800000|100%| O|  |TAMS 0x00000000e1700000, 0x00000000e1800000| Untracked 
|  24|0x00000000e1800000, 0x00000000e1900000, 0x00000000e1900000|100%| O|  |TAMS 0x00000000e1900000, 0x00000000e1900000| Untracked 
|  25|0x00000000e1900000, 0x00000000e1a00000, 0x00000000e1a00000|100%| O|  |TAMS 0x00000000e1a00000, 0x00000000e1a00000| Untracked 
|  26|0x00000000e1a00000, 0x00000000e1b00000, 0x00000000e1b00000|100%| O|  |TAMS 0x00000000e1b00000, 0x00000000e1b00000| Untracked 
|  27|0x00000000e1b00000, 0x00000000e1c00000, 0x00000000e1c00000|100%| O|  |TAMS 0x00000000e1c00000, 0x00000000e1c00000| Untracked 
|  28|0x00000000e1c00000, 0x00000000e1d00000, 0x00000000e1d00000|100%| O|  |TAMS 0x00000000e1d00000, 0x00000000e1d00000| Untracked 
|  29|0x00000000e1d00000, 0x00000000e1e00000, 0x00000000e1e00000|100%| O|  |TAMS 0x00000000e1e00000, 0x00000000e1e00000| Untracked 
|  30|0x00000000e1e00000, 0x00000000e1f00000, 0x00000000e1f00000|100%| O|  |TAMS 0x00000000e1f00000, 0x00000000e1f00000| Untracked 
|  31|0x00000000e1f00000, 0x00000000e2000000, 0x00000000e2000000|100%| O|  |TAMS 0x00000000e2000000, 0x00000000e2000000| Untracked 
|  32|0x00000000e2000000, 0x00000000e2100000, 0x00000000e2100000|100%| O|  |TAMS 0x00000000e2100000, 0x00000000e2100000| Untracked 
|  33|0x00000000e2100000, 0x00000000e2200000, 0x00000000e2200000|100%| O|  |TAMS 0x00000000e2200000, 0x00000000e2200000| Untracked 
|  34|0x00000000e2200000, 0x00000000e2300000, 0x00000000e2300000|100%| O|  |TAMS 0x00000000e2300000, 0x00000000e2300000| Untracked 
|  35|0x00000000e2300000, 0x00000000e2400000, 0x00000000e2400000|100%| O|  |TAMS 0x00000000e2400000, 0x00000000e2400000| Untracked 
|  36|0x00000000e2400000, 0x00000000e2500000, 0x00000000e2500000|100%| O|  |TAMS 0x00000000e2500000, 0x00000000e2500000| Untracked 
|  37|0x00000000e2500000, 0x00000000e2600000, 0x00000000e2600000|100%| O|  |TAMS 0x00000000e2600000, 0x00000000e2600000| Untracked 
|  38|0x00000000e2600000, 0x00000000e2700000, 0x00000000e2700000|100%| O|  |TAMS 0x00000000e2700000, 0x00000000e2700000| Untracked 
|  39|0x00000000e2700000, 0x00000000e2800000, 0x00000000e2800000|100%| O|  |TAMS 0x00000000e2800000, 0x00000000e2800000| Untracked 
|  40|0x00000000e2800000, 0x00000000e2900000, 0x00000000e2900000|100%| O|  |TAMS 0x00000000e2900000, 0x00000000e2900000| Untracked 
|  41|0x00000000e2900000, 0x00000000e2a00000, 0x00000000e2a00000|100%| O|  |TAMS 0x00000000e2a00000, 0x00000000e2a00000| Untracked 
|  42|0x00000000e2a00000, 0x00000000e2b00000, 0x00000000e2b00000|100%| O|  |TAMS 0x00000000e2b00000, 0x00000000e2b00000| Untracked 
|  43|0x00000000e2b00000, 0x00000000e2c00000, 0x00000000e2c00000|100%| O|  |TAMS 0x00000000e2c00000, 0x00000000e2c00000| Untracked 
|  44|0x00000000e2c00000, 0x00000000e2d00000, 0x00000000e2d00000|100%| O|  |TAMS 0x00000000e2d00000, 0x00000000e2d00000| Untracked 
|  45|0x00000000e2d00000, 0x00000000e2e00000, 0x00000000e2e00000|100%| O|  |TAMS 0x00000000e2e00000, 0x00000000e2e00000| Untracked 
|  46|0x00000000e2e00000, 0x00000000e2f00000, 0x00000000e2f00000|100%| O|  |TAMS 0x00000000e2e00000, 0x00000000e2f00000| Untracked 
|  47|0x00000000e2f00000, 0x00000000e3000000, 0x00000000e3000000|100%| O|  |TAMS 0x00000000e3000000, 0x00000000e3000000| Untracked 
|  48|0x00000000e3000000, 0x00000000e3100000, 0x00000000e3100000|100%| O|  |TAMS 0x00000000e3000000, 0x00000000e3100000| Untracked 
|  49|0x00000000e3100000, 0x00000000e3200000, 0x00000000e3200000|100%| O|  |TAMS 0x00000000e3100000, 0x00000000e3200000| Untracked 
|  50|0x00000000e3200000, 0x00000000e3300000, 0x00000000e3300000|100%| O|  |TAMS 0x00000000e3300000, 0x00000000e3300000| Untracked 
|  51|0x00000000e3300000, 0x00000000e3400000, 0x00000000e3400000|100%| O|  |TAMS 0x00000000e3400000, 0x00000000e3400000| Untracked 
|  52|0x00000000e3400000, 0x00000000e3500000, 0x00000000e3500000|100%| O|  |TAMS 0x00000000e3400000, 0x00000000e3500000| Untracked 
|  53|0x00000000e3500000, 0x00000000e3600000, 0x00000000e3600000|100%| O|  |TAMS 0x00000000e3500000, 0x00000000e3600000| Untracked 
|  54|0x00000000e3600000, 0x00000000e3700000, 0x00000000e3700000|100%| O|  |TAMS 0x00000000e3600000, 0x00000000e3700000| Untracked 
|  55|0x00000000e3700000, 0x00000000e3800000, 0x00000000e3800000|100%| O|  |TAMS 0x00000000e3700000, 0x00000000e3800000| Untracked 
|  56|0x00000000e3800000, 0x00000000e3900000, 0x00000000e3900000|100%| O|  |TAMS 0x00000000e3800000, 0x00000000e3900000| Untracked 
|  57|0x00000000e3900000, 0x00000000e3a00000, 0x00000000e3a00000|100%| O|  |TAMS 0x00000000e3900000, 0x00000000e3a00000| Untracked 
|  58|0x00000000e3a00000, 0x00000000e3b00000, 0x00000000e3b00000|100%| O|  |TAMS 0x00000000e3a00000, 0x00000000e3b00000| Untracked 
|  59|0x00000000e3b00000, 0x00000000e3c00000, 0x00000000e3c00000|100%| O|  |TAMS 0x00000000e3b00000, 0x00000000e3c00000| Untracked 
|  60|0x00000000e3c00000, 0x00000000e3d00000, 0x00000000e3d00000|100%| O|  |TAMS 0x00000000e3c00000, 0x00000000e3d00000| Untracked 
|  61|0x00000000e3d00000, 0x00000000e3e00000, 0x00000000e3e00000|100%| O|  |TAMS 0x00000000e3d00000, 0x00000000e3e00000| Untracked 
|  62|0x00000000e3e00000, 0x00000000e3f00000, 0x00000000e3f00000|100%| O|  |TAMS 0x00000000e3e00000, 0x00000000e3f00000| Untracked 
|  63|0x00000000e3f00000, 0x00000000e4000000, 0x00000000e4000000|100%| O|  |TAMS 0x00000000e3f00000, 0x00000000e4000000| Untracked 
|  64|0x00000000e4000000, 0x00000000e4100000, 0x00000000e4100000|100%| O|  |TAMS 0x00000000e4000000, 0x00000000e4100000| Untracked 
|  65|0x00000000e4100000, 0x00000000e4200000, 0x00000000e4200000|100%| O|  |TAMS 0x00000000e4100000, 0x00000000e4200000| Untracked 
|  66|0x00000000e4200000, 0x00000000e4300000, 0x00000000e4300000|100%| O|  |TAMS 0x00000000e4200000, 0x00000000e4300000| Untracked 
|  67|0x00000000e4300000, 0x00000000e4400000, 0x00000000e4400000|100%| O|  |TAMS 0x00000000e4300000, 0x00000000e4400000| Untracked 
|  68|0x00000000e4400000, 0x00000000e4500000, 0x00000000e4500000|100%| O|  |TAMS 0x00000000e4400000, 0x00000000e4500000| Untracked 
|  69|0x00000000e4500000, 0x00000000e4600000, 0x00000000e4600000|100%| O|  |TAMS 0x00000000e4500000, 0x00000000e4600000| Untracked 
|  70|0x00000000e4600000, 0x00000000e4700000, 0x00000000e4700000|100%| O|  |TAMS 0x00000000e4700000, 0x00000000e4700000| Untracked 
|  71|0x00000000e4700000, 0x00000000e4800000, 0x00000000e4800000|100%| O|  |TAMS 0x00000000e4800000, 0x00000000e4800000| Untracked 
|  72|0x00000000e4800000, 0x00000000e4900000, 0x00000000e4900000|100%| O|  |TAMS 0x00000000e4900000, 0x00000000e4900000| Untracked 
|  73|0x00000000e4900000, 0x00000000e4a00000, 0x00000000e4a00000|100%| O|  |TAMS 0x00000000e4900000, 0x00000000e4a00000| Untracked 
|  74|0x00000000e4a00000, 0x00000000e4b00000, 0x00000000e4b00000|100%| O|  |TAMS 0x00000000e4a00000, 0x00000000e4b00000| Untracked 
|  75|0x00000000e4b00000, 0x00000000e4c00000, 0x00000000e4c00000|100%| O|  |TAMS 0x00000000e4b00000, 0x00000000e4c00000| Untracked 
|  76|0x00000000e4c00000, 0x00000000e4d00000, 0x00000000e4d00000|100%| O|  |TAMS 0x00000000e4c00000, 0x00000000e4d00000| Untracked 
|  77|0x00000000e4d00000, 0x00000000e4e00000, 0x00000000e4e00000|100%| O|  |TAMS 0x00000000e4d00000, 0x00000000e4e00000| Untracked 
|  78|0x00000000e4e00000, 0x00000000e4f00000, 0x00000000e4f00000|100%| O|  |TAMS 0x00000000e4e00000, 0x00000000e4f00000| Untracked 
|  79|0x00000000e4f00000, 0x00000000e5000000, 0x00000000e5000000|100%| O|  |TAMS 0x00000000e4f00000, 0x00000000e5000000| Untracked 
|  80|0x00000000e5000000, 0x00000000e5100000, 0x00000000e5100000|100%| O|  |TAMS 0x00000000e5000000, 0x00000000e5100000| Untracked 
|  81|0x00000000e5100000, 0x00000000e5200000, 0x00000000e5200000|100%| O|  |TAMS 0x00000000e5100000, 0x00000000e5200000| Untracked 
|  82|0x00000000e5200000, 0x00000000e5300000, 0x00000000e5300000|100%| O|  |TAMS 0x00000000e5200000, 0x00000000e5300000| Untracked 
|  83|0x00000000e5300000, 0x00000000e5400000, 0x00000000e5400000|100%| O|  |TAMS 0x00000000e5300000, 0x00000000e5400000| Untracked 
|  84|0x00000000e5400000, 0x00000000e5500000, 0x00000000e5500000|100%| O|  |TAMS 0x00000000e5400000, 0x00000000e5500000| Untracked 
|  85|0x00000000e5500000, 0x00000000e5600000, 0x00000000e5600000|100%| O|  |TAMS 0x00000000e5500000, 0x00000000e5600000| Untracked 
|  86|0x00000000e5600000, 0x00000000e5700000, 0x00000000e5700000|100%| O|  |TAMS 0x00000000e5700000, 0x00000000e5700000| Untracked 
|  87|0x00000000e5700000, 0x00000000e5800000, 0x00000000e5800000|100%| O|  |TAMS 0x00000000e5800000, 0x00000000e5800000| Untracked 
|  88|0x00000000e5800000, 0x00000000e5900000, 0x00000000e5900000|100%| O|  |TAMS 0x00000000e5900000, 0x00000000e5900000| Untracked 
|  89|0x00000000e5900000, 0x00000000e5a00000, 0x00000000e5a00000|100%| O|  |TAMS 0x00000000e5a00000, 0x00000000e5a00000| Untracked 
|  90|0x00000000e5a00000, 0x00000000e5b00000, 0x00000000e5b00000|100%| O|  |TAMS 0x00000000e5b00000, 0x00000000e5b00000| Untracked 
|  91|0x00000000e5b00000, 0x00000000e5c00000, 0x00000000e5c00000|100%| O|  |TAMS 0x00000000e5c00000, 0x00000000e5c00000| Untracked 
|  92|0x00000000e5c00000, 0x00000000e5d00000, 0x00000000e5d00000|100%| O|  |TAMS 0x00000000e5d00000, 0x00000000e5d00000| Untracked 
|  93|0x00000000e5d00000, 0x00000000e5e00000, 0x00000000e5e00000|100%| O|  |TAMS 0x00000000e5e00000, 0x00000000e5e00000| Untracked 
|  94|0x00000000e5e00000, 0x00000000e5f00000, 0x00000000e5f00000|100%| O|  |TAMS 0x00000000e5f00000, 0x00000000e5f00000| Untracked 
|  95|0x00000000e5f00000, 0x00000000e6000000, 0x00000000e6000000|100%| O|  |TAMS 0x00000000e6000000, 0x00000000e6000000| Untracked 
|  96|0x00000000e6000000, 0x00000000e6100000, 0x00000000e6100000|100%| O|  |TAMS 0x00000000e6100000, 0x00000000e6100000| Untracked 
|  97|0x00000000e6100000, 0x00000000e6200000, 0x00000000e6200000|100%| O|  |TAMS 0x00000000e6200000, 0x00000000e6200000| Untracked 
|  98|0x00000000e6200000, 0x00000000e6300000, 0x00000000e6300000|100%| O|  |TAMS 0x00000000e6300000, 0x00000000e6300000| Untracked 
|  99|0x00000000e6300000, 0x00000000e6400000, 0x00000000e6400000|100%| O|  |TAMS 0x00000000e6400000, 0x00000000e6400000| Untracked 
| 100|0x00000000e6400000, 0x00000000e6500000, 0x00000000e6500000|100%| O|  |TAMS 0x00000000e6400000, 0x00000000e6500000| Untracked 
| 101|0x00000000e6500000, 0x00000000e6600000, 0x00000000e6600000|100%| O|  |TAMS 0x00000000e6500000, 0x00000000e6600000| Untracked 
| 102|0x00000000e6600000, 0x00000000e6700000, 0x00000000e6700000|100%| O|  |TAMS 0x00000000e6600000, 0x00000000e6700000| Untracked 
| 103|0x00000000e6700000, 0x00000000e6800000, 0x00000000e6800000|100%| O|  |TAMS 0x00000000e6700000, 0x00000000e6800000| Untracked 
| 104|0x00000000e6800000, 0x00000000e6900000, 0x00000000e6900000|100%| O|  |TAMS 0x00000000e6900000, 0x00000000e6900000| Untracked 
| 105|0x00000000e6900000, 0x00000000e6a00000, 0x00000000e6a00000|100%| O|  |TAMS 0x00000000e6900000, 0x00000000e6a00000| Untracked 
| 106|0x00000000e6a00000, 0x00000000e6b00000, 0x00000000e6b00000|100%| O|  |TAMS 0x00000000e6a00000, 0x00000000e6b00000| Untracked 
| 107|0x00000000e6b00000, 0x00000000e6c00000, 0x00000000e6c00000|100%| O|  |TAMS 0x00000000e6b00000, 0x00000000e6c00000| Untracked 
| 108|0x00000000e6c00000, 0x00000000e6d00000, 0x00000000e6d00000|100%| O|  |TAMS 0x00000000e6c00000, 0x00000000e6d00000| Untracked 
| 109|0x00000000e6d00000, 0x00000000e6e00000, 0x00000000e6e00000|100%| O|  |TAMS 0x00000000e6d00000, 0x00000000e6e00000| Untracked 
| 110|0x00000000e6e00000, 0x00000000e6f00000, 0x00000000e6f00000|100%| O|  |TAMS 0x00000000e6e00000, 0x00000000e6f00000| Untracked 
| 111|0x00000000e6f00000, 0x00000000e7000000, 0x00000000e7000000|100%| O|  |TAMS 0x00000000e6f00000, 0x00000000e7000000| Untracked 
| 112|0x00000000e7000000, 0x00000000e7100000, 0x00000000e7100000|100%| O|  |TAMS 0x00000000e7000000, 0x00000000e7100000| Untracked 
| 113|0x00000000e7100000, 0x00000000e7200000, 0x00000000e7200000|100%| O|  |TAMS 0x00000000e7100000, 0x00000000e7200000| Untracked 
| 114|0x00000000e7200000, 0x00000000e7300000, 0x00000000e7300000|100%| O|  |TAMS 0x00000000e725a400, 0x00000000e7300000| Untracked 
| 115|0x00000000e7300000, 0x00000000e7400000, 0x00000000e7400000|100%| O|  |TAMS 0x00000000e7300000, 0x00000000e7400000| Untracked 
| 116|0x00000000e7400000, 0x00000000e7500000, 0x00000000e7500000|100%| O|  |TAMS 0x00000000e7400000, 0x00000000e7500000| Untracked 
| 117|0x00000000e7500000, 0x00000000e7600000, 0x00000000e7600000|100%| O|  |TAMS 0x00000000e7500000, 0x00000000e7600000| Untracked 
| 118|0x00000000e7600000, 0x00000000e7700000, 0x00000000e7700000|100%| O|  |TAMS 0x00000000e7600000, 0x00000000e7700000| Untracked 
| 119|0x00000000e7700000, 0x00000000e7800000, 0x00000000e7800000|100%| O|  |TAMS 0x00000000e7700000, 0x00000000e7800000| Untracked 
| 120|0x00000000e7800000, 0x00000000e7900000, 0x00000000e7900000|100%| O|  |TAMS 0x00000000e7800000, 0x00000000e7900000| Untracked 
| 121|0x00000000e7900000, 0x00000000e7a00000, 0x00000000e7a00000|100%| O|  |TAMS 0x00000000e7900000, 0x00000000e7a00000| Untracked 
| 122|0x00000000e7a00000, 0x00000000e7b00000, 0x00000000e7b00000|100%| O|  |TAMS 0x00000000e7a00000, 0x00000000e7b00000| Untracked 
| 123|0x00000000e7b00000, 0x00000000e7c00000, 0x00000000e7c00000|100%| O|  |TAMS 0x00000000e7b00000, 0x00000000e7c00000| Untracked 
| 124|0x00000000e7c00000, 0x00000000e7d00000, 0x00000000e7d00000|100%| O|  |TAMS 0x00000000e7c00000, 0x00000000e7d00000| Untracked 
| 125|0x00000000e7d00000, 0x00000000e7d00000, 0x00000000e7e00000|  0%| F|  |TAMS 0x00000000e7d00000, 0x00000000e7d00000| Untracked 
| 126|0x00000000e7e00000, 0x00000000e7e00000, 0x00000000e7f00000|  0%| F|  |TAMS 0x00000000e7e00000, 0x00000000e7e00000| Untracked 
| 127|0x00000000e7f00000, 0x00000000e7f00000, 0x00000000e8000000|  0%| F|  |TAMS 0x00000000e7f00000, 0x00000000e7f00000| Untracked 
| 128|0x00000000e8000000, 0x00000000e8000000, 0x00000000e8100000|  0%| F|  |TAMS 0x00000000e8000000, 0x00000000e8000000| Untracked 
| 129|0x00000000e8100000, 0x00000000e8100000, 0x00000000e8200000|  0%| F|  |TAMS 0x00000000e8100000, 0x00000000e8100000| Untracked 
| 130|0x00000000e8200000, 0x00000000e8200000, 0x00000000e8300000|  0%| F|  |TAMS 0x00000000e8200000, 0x00000000e8200000| Untracked 
| 131|0x00000000e8300000, 0x00000000e8300000, 0x00000000e8400000|  0%| F|  |TAMS 0x00000000e8300000, 0x00000000e8300000| Untracked 
| 132|0x00000000e8400000, 0x00000000e8400000, 0x00000000e8500000|  0%| F|  |TAMS 0x00000000e8400000, 0x00000000e8400000| Untracked 
| 133|0x00000000e8500000, 0x00000000e8500000, 0x00000000e8600000|  0%| F|  |TAMS 0x00000000e8500000, 0x00000000e8500000| Untracked 
| 134|0x00000000e8600000, 0x00000000e8600000, 0x00000000e8700000|  0%| F|  |TAMS 0x00000000e8600000, 0x00000000e8600000| Untracked 
| 135|0x00000000e8700000, 0x00000000e8700000, 0x00000000e8800000|  0%| F|  |TAMS 0x00000000e8700000, 0x00000000e8700000| Untracked 
| 136|0x00000000e8800000, 0x00000000e8800000, 0x00000000e8900000|  0%| F|  |TAMS 0x00000000e8800000, 0x00000000e8800000| Untracked 
| 137|0x00000000e8900000, 0x00000000e8900000, 0x00000000e8a00000|  0%| F|  |TAMS 0x00000000e8900000, 0x00000000e8900000| Untracked 
| 138|0x00000000e8a00000, 0x00000000e8a00000, 0x00000000e8b00000|  0%| F|  |TAMS 0x00000000e8a00000, 0x00000000e8a00000| Untracked 
| 139|0x00000000e8b00000, 0x00000000e8b00000, 0x00000000e8c00000|  0%| F|  |TAMS 0x00000000e8b00000, 0x00000000e8b00000| Untracked 
| 140|0x00000000e8c00000, 0x00000000e8c00000, 0x00000000e8d00000|  0%| F|  |TAMS 0x00000000e8c00000, 0x00000000e8c00000| Untracked 
| 141|0x00000000e8d00000, 0x00000000e8d00000, 0x00000000e8e00000|  0%| F|  |TAMS 0x00000000e8d00000, 0x00000000e8d00000| Untracked 
| 142|0x00000000e8e00000, 0x00000000e8e00000, 0x00000000e8f00000|  0%| F|  |TAMS 0x00000000e8e00000, 0x00000000e8e00000| Untracked 
| 143|0x00000000e8f00000, 0x00000000e8f00000, 0x00000000e9000000|  0%| F|  |TAMS 0x00000000e8f00000, 0x00000000e8f00000| Untracked 
| 144|0x00000000e9000000, 0x00000000e9000000, 0x00000000e9100000|  0%| F|  |TAMS 0x00000000e9000000, 0x00000000e9000000| Untracked 
| 145|0x00000000e9100000, 0x00000000e9100000, 0x00000000e9200000|  0%| F|  |TAMS 0x00000000e9100000, 0x00000000e9100000| Untracked 
| 146|0x00000000e9200000, 0x00000000e9200000, 0x00000000e9300000|  0%| F|  |TAMS 0x00000000e9200000, 0x00000000e9200000| Untracked 
| 147|0x00000000e9300000, 0x00000000e9300000, 0x00000000e9400000|  0%| F|  |TAMS 0x00000000e9300000, 0x00000000e9300000| Untracked 
| 148|0x00000000e9400000, 0x00000000e9400000, 0x00000000e9500000|  0%| F|  |TAMS 0x00000000e9400000, 0x00000000e9400000| Untracked 
| 149|0x00000000e9500000, 0x00000000e9500000, 0x00000000e9600000|  0%| F|  |TAMS 0x00000000e9500000, 0x00000000e9500000| Untracked 
| 150|0x00000000e9600000, 0x00000000e9600000, 0x00000000e9700000|  0%| F|  |TAMS 0x00000000e9600000, 0x00000000e9600000| Untracked 
| 151|0x00000000e9700000, 0x00000000e9700000, 0x00000000e9800000|  0%| F|  |TAMS 0x00000000e9700000, 0x00000000e9700000| Untracked 
| 152|0x00000000e9800000, 0x00000000e9800000, 0x00000000e9900000|  0%| F|  |TAMS 0x00000000e9800000, 0x00000000e9800000| Untracked 
| 153|0x00000000e9900000, 0x00000000e9900000, 0x00000000e9a00000|  0%| F|  |TAMS 0x00000000e9900000, 0x00000000e9900000| Untracked 
| 154|0x00000000e9a00000, 0x00000000e9a00000, 0x00000000e9b00000|  0%| F|  |TAMS 0x00000000e9a00000, 0x00000000e9a00000| Untracked 
| 155|0x00000000e9b00000, 0x00000000e9b00000, 0x00000000e9c00000|  0%| F|  |TAMS 0x00000000e9b00000, 0x00000000e9b00000| Untracked 
| 156|0x00000000e9c00000, 0x00000000e9c00000, 0x00000000e9d00000|  0%| F|  |TAMS 0x00000000e9c00000, 0x00000000e9c00000| Untracked 
| 157|0x00000000e9d00000, 0x00000000e9d00000, 0x00000000e9e00000|  0%| F|  |TAMS 0x00000000e9d00000, 0x00000000e9d00000| Untracked 
| 158|0x00000000e9e00000, 0x00000000e9e00000, 0x00000000e9f00000|  0%| F|  |TAMS 0x00000000e9e00000, 0x00000000e9e00000| Untracked 
| 159|0x00000000e9f00000, 0x00000000e9f00000, 0x00000000ea000000|  0%| F|  |TAMS 0x00000000e9f00000, 0x00000000e9f00000| Untracked 
| 160|0x00000000ea000000, 0x00000000ea000000, 0x00000000ea100000|  0%| F|  |TAMS 0x00000000ea000000, 0x00000000ea000000| Untracked 
| 161|0x00000000ea100000, 0x00000000ea100000, 0x00000000ea200000|  0%| F|  |TAMS 0x00000000ea100000, 0x00000000ea100000| Untracked 
| 162|0x00000000ea200000, 0x00000000ea200000, 0x00000000ea300000|  0%| F|  |TAMS 0x00000000ea200000, 0x00000000ea200000| Untracked 
| 163|0x00000000ea300000, 0x00000000ea300000, 0x00000000ea400000|  0%| F|  |TAMS 0x00000000ea300000, 0x00000000ea300000| Untracked 
| 164|0x00000000ea400000, 0x00000000ea400000, 0x00000000ea500000|  0%| F|  |TAMS 0x00000000ea400000, 0x00000000ea400000| Untracked 
| 165|0x00000000ea500000, 0x00000000ea500000, 0x00000000ea600000|  0%| F|  |TAMS 0x00000000ea500000, 0x00000000ea500000| Untracked 
| 166|0x00000000ea600000, 0x00000000ea600000, 0x00000000ea700000|  0%| F|  |TAMS 0x00000000ea600000, 0x00000000ea600000| Untracked 
| 167|0x00000000ea700000, 0x00000000ea700000, 0x00000000ea800000|  0%| F|  |TAMS 0x00000000ea700000, 0x00000000ea700000| Untracked 
| 168|0x00000000ea800000, 0x00000000ea800000, 0x00000000ea900000|  0%| F|  |TAMS 0x00000000ea800000, 0x00000000ea800000| Untracked 
| 169|0x00000000ea900000, 0x00000000ea900000, 0x00000000eaa00000|  0%| F|  |TAMS 0x00000000ea900000, 0x00000000ea900000| Untracked 
| 170|0x00000000eaa00000, 0x00000000eaa00000, 0x00000000eab00000|  0%| F|  |TAMS 0x00000000eaa00000, 0x00000000eaa00000| Untracked 
| 171|0x00000000eab00000, 0x00000000eab00000, 0x00000000eac00000|  0%| F|  |TAMS 0x00000000eab00000, 0x00000000eab00000| Untracked 
| 172|0x00000000eac00000, 0x00000000eac00000, 0x00000000ead00000|  0%| F|  |TAMS 0x00000000eac00000, 0x00000000eac00000| Untracked 
| 173|0x00000000ead00000, 0x00000000ead00000, 0x00000000eae00000|  0%| F|  |TAMS 0x00000000ead00000, 0x00000000ead00000| Untracked 
| 174|0x00000000eae00000, 0x00000000eae00000, 0x00000000eaf00000|  0%| F|  |TAMS 0x00000000eae00000, 0x00000000eae00000| Untracked 
| 175|0x00000000eaf00000, 0x00000000eaf00000, 0x00000000eb000000|  0%| F|  |TAMS 0x00000000eaf00000, 0x00000000eaf00000| Untracked 
| 176|0x00000000eb000000, 0x00000000eb100000, 0x00000000eb100000|100%| S|CS|TAMS 0x00000000eb000000, 0x00000000eb000000| Complete 
| 177|0x00000000eb100000, 0x00000000eb200000, 0x00000000eb200000|100%| S|CS|TAMS 0x00000000eb100000, 0x00000000eb100000| Complete 
| 178|0x00000000eb200000, 0x00000000eb300000, 0x00000000eb300000|100%| S|CS|TAMS 0x00000000eb200000, 0x00000000eb200000| Complete 
| 179|0x00000000eb300000, 0x00000000eb300000, 0x00000000eb400000|  0%| F|  |TAMS 0x00000000eb300000, 0x00000000eb300000| Untracked 
| 180|0x00000000eb400000, 0x00000000eb400000, 0x00000000eb500000|  0%| F|  |TAMS 0x00000000eb400000, 0x00000000eb400000| Untracked 
| 181|0x00000000eb500000, 0x00000000eb500000, 0x00000000eb600000|  0%| F|  |TAMS 0x00000000eb500000, 0x00000000eb500000| Untracked 
| 182|0x00000000eb600000, 0x00000000eb600000, 0x00000000eb700000|  0%| F|  |TAMS 0x00000000eb600000, 0x00000000eb600000| Untracked 
| 183|0x00000000eb700000, 0x00000000eb700000, 0x00000000eb800000|  0%| F|  |TAMS 0x00000000eb700000, 0x00000000eb700000| Untracked 
| 184|0x00000000eb800000, 0x00000000eb800000, 0x00000000eb900000|  0%| F|  |TAMS 0x00000000eb800000, 0x00000000eb800000| Untracked 
| 185|0x00000000eb900000, 0x00000000eb900000, 0x00000000eba00000|  0%| F|  |TAMS 0x00000000eb900000, 0x00000000eb900000| Untracked 
| 186|0x00000000eba00000, 0x00000000eba00000, 0x00000000ebb00000|  0%| F|  |TAMS 0x00000000eba00000, 0x00000000eba00000| Untracked 
| 187|0x00000000ebb00000, 0x00000000ebb00000, 0x00000000ebc00000|  0%| F|  |TAMS 0x00000000ebb00000, 0x00000000ebb00000| Untracked 
| 188|0x00000000ebc00000, 0x00000000ebc00000, 0x00000000ebd00000|  0%| F|  |TAMS 0x00000000ebc00000, 0x00000000ebc00000| Untracked 
| 189|0x00000000ebd00000, 0x00000000ebd00000, 0x00000000ebe00000|  0%| F|  |TAMS 0x00000000ebd00000, 0x00000000ebd00000| Untracked 
| 190|0x00000000ebe00000, 0x00000000ebe00000, 0x00000000ebf00000|  0%| F|  |TAMS 0x00000000ebe00000, 0x00000000ebe00000| Untracked 
| 191|0x00000000ebf00000, 0x00000000ebf00000, 0x00000000ec000000|  0%| F|  |TAMS 0x00000000ebf00000, 0x00000000ebf00000| Untracked 
| 192|0x00000000ec000000, 0x00000000ec000000, 0x00000000ec100000|  0%| F|  |TAMS 0x00000000ec000000, 0x00000000ec000000| Untracked 
| 193|0x00000000ec100000, 0x00000000ec100000, 0x00000000ec200000|  0%| F|  |TAMS 0x00000000ec100000, 0x00000000ec100000| Untracked 
| 194|0x00000000ec200000, 0x00000000ec200000, 0x00000000ec300000|  0%| F|  |TAMS 0x00000000ec200000, 0x00000000ec200000| Untracked 
| 195|0x00000000ec300000, 0x00000000ec300000, 0x00000000ec400000|  0%| F|  |TAMS 0x00000000ec300000, 0x00000000ec300000| Untracked 
| 196|0x00000000ec400000, 0x00000000ec400000, 0x00000000ec500000|  0%| F|  |TAMS 0x00000000ec400000, 0x00000000ec400000| Untracked 
| 197|0x00000000ec500000, 0x00000000ec500000, 0x00000000ec600000|  0%| F|  |TAMS 0x00000000ec500000, 0x00000000ec500000| Untracked 
| 198|0x00000000ec600000, 0x00000000ec600000, 0x00000000ec700000|  0%| F|  |TAMS 0x00000000ec600000, 0x00000000ec600000| Untracked 
| 199|0x00000000ec700000, 0x00000000ec700000, 0x00000000ec800000|  0%| F|  |TAMS 0x00000000ec700000, 0x00000000ec700000| Untracked 
| 200|0x00000000ec800000, 0x00000000ec800000, 0x00000000ec900000|  0%| F|  |TAMS 0x00000000ec800000, 0x00000000ec800000| Untracked 
| 201|0x00000000ec900000, 0x00000000ec900000, 0x00000000eca00000|  0%| F|  |TAMS 0x00000000ec900000, 0x00000000ec900000| Untracked 
| 202|0x00000000eca00000, 0x00000000eca00000, 0x00000000ecb00000|  0%| F|  |TAMS 0x00000000eca00000, 0x00000000eca00000| Untracked 
| 203|0x00000000ecb00000, 0x00000000ecb00000, 0x00000000ecc00000|  0%| F|  |TAMS 0x00000000ecb00000, 0x00000000ecb00000| Untracked 
| 204|0x00000000ecc00000, 0x00000000ecc00000, 0x00000000ecd00000|  0%| F|  |TAMS 0x00000000ecc00000, 0x00000000ecc00000| Untracked 
| 205|0x00000000ecd00000, 0x00000000ecd00000, 0x00000000ece00000|  0%| F|  |TAMS 0x00000000ecd00000, 0x00000000ecd00000| Untracked 
| 206|0x00000000ece00000, 0x00000000ece00000, 0x00000000ecf00000|  0%| F|  |TAMS 0x00000000ece00000, 0x00000000ece00000| Untracked 
| 207|0x00000000ecf00000, 0x00000000ecf00000, 0x00000000ed000000|  0%| F|  |TAMS 0x00000000ecf00000, 0x00000000ecf00000| Untracked 
| 208|0x00000000ed000000, 0x00000000ed000000, 0x00000000ed100000|  0%| F|  |TAMS 0x00000000ed000000, 0x00000000ed000000| Untracked 
| 209|0x00000000ed100000, 0x00000000ed100000, 0x00000000ed200000|  0%| F|  |TAMS 0x00000000ed100000, 0x00000000ed100000| Untracked 
| 210|0x00000000ed200000, 0x00000000ed200000, 0x00000000ed300000|  0%| F|  |TAMS 0x00000000ed200000, 0x00000000ed200000| Untracked 
| 211|0x00000000ed300000, 0x00000000ed300000, 0x00000000ed400000|  0%| F|  |TAMS 0x00000000ed300000, 0x00000000ed300000| Untracked 
| 212|0x00000000ed400000, 0x00000000ed400000, 0x00000000ed500000|  0%| F|  |TAMS 0x00000000ed400000, 0x00000000ed400000| Untracked 
| 213|0x00000000ed500000, 0x00000000ed500000, 0x00000000ed600000|  0%| F|  |TAMS 0x00000000ed500000, 0x00000000ed500000| Untracked 
| 214|0x00000000ed600000, 0x00000000ed600000, 0x00000000ed700000|  0%| F|  |TAMS 0x00000000ed600000, 0x00000000ed600000| Untracked 
| 215|0x00000000ed700000, 0x00000000ed700000, 0x00000000ed800000|  0%| F|  |TAMS 0x00000000ed700000, 0x00000000ed700000| Untracked 
| 216|0x00000000ed800000, 0x00000000ed800000, 0x00000000ed900000|  0%| F|  |TAMS 0x00000000ed800000, 0x00000000ed800000| Untracked 
| 217|0x00000000ed900000, 0x00000000ed900000, 0x00000000eda00000|  0%| F|  |TAMS 0x00000000ed900000, 0x00000000ed900000| Untracked 
| 218|0x00000000eda00000, 0x00000000eda00000, 0x00000000edb00000|  0%| F|  |TAMS 0x00000000eda00000, 0x00000000eda00000| Untracked 
| 219|0x00000000edb00000, 0x00000000edb00000, 0x00000000edc00000|  0%| F|  |TAMS 0x00000000edb00000, 0x00000000edb00000| Untracked 
| 220|0x00000000edc00000, 0x00000000edc00000, 0x00000000edd00000|  0%| F|  |TAMS 0x00000000edc00000, 0x00000000edc00000| Untracked 
| 221|0x00000000edd00000, 0x00000000edd00000, 0x00000000ede00000|  0%| F|  |TAMS 0x00000000edd00000, 0x00000000edd00000| Untracked 
| 222|0x00000000ede00000, 0x00000000ede00000, 0x00000000edf00000|  0%| F|  |TAMS 0x00000000ede00000, 0x00000000ede00000| Untracked 
| 223|0x00000000edf00000, 0x00000000edf00000, 0x00000000ee000000|  0%| F|  |TAMS 0x00000000edf00000, 0x00000000edf00000| Untracked 
| 224|0x00000000ee000000, 0x00000000ee000000, 0x00000000ee100000|  0%| F|  |TAMS 0x00000000ee000000, 0x00000000ee000000| Untracked 
| 225|0x00000000ee100000, 0x00000000ee100000, 0x00000000ee200000|  0%| F|  |TAMS 0x00000000ee100000, 0x00000000ee100000| Untracked 
| 226|0x00000000ee200000, 0x00000000ee200000, 0x00000000ee300000|  0%| F|  |TAMS 0x00000000ee200000, 0x00000000ee200000| Untracked 
| 227|0x00000000ee300000, 0x00000000ee300000, 0x00000000ee400000|  0%| F|  |TAMS 0x00000000ee300000, 0x00000000ee300000| Untracked 
| 228|0x00000000ee400000, 0x00000000ee400000, 0x00000000ee500000|  0%| F|  |TAMS 0x00000000ee400000, 0x00000000ee400000| Untracked 
| 229|0x00000000ee500000, 0x00000000ee500000, 0x00000000ee600000|  0%| F|  |TAMS 0x00000000ee500000, 0x00000000ee500000| Untracked 
| 230|0x00000000ee600000, 0x00000000ee600000, 0x00000000ee700000|  0%| F|  |TAMS 0x00000000ee600000, 0x00000000ee600000| Untracked 
| 231|0x00000000ee700000, 0x00000000ee700000, 0x00000000ee800000|  0%| F|  |TAMS 0x00000000ee700000, 0x00000000ee700000| Untracked 
| 232|0x00000000ee800000, 0x00000000ee800000, 0x00000000ee900000|  0%| F|  |TAMS 0x00000000ee800000, 0x00000000ee800000| Untracked 
| 233|0x00000000ee900000, 0x00000000ee900000, 0x00000000eea00000|  0%| F|  |TAMS 0x00000000ee900000, 0x00000000ee900000| Untracked 
| 234|0x00000000eea00000, 0x00000000eea00000, 0x00000000eeb00000|  0%| F|  |TAMS 0x00000000eea00000, 0x00000000eea00000| Untracked 
| 235|0x00000000eeb00000, 0x00000000eeb00000, 0x00000000eec00000|  0%| F|  |TAMS 0x00000000eeb00000, 0x00000000eeb00000| Untracked 
| 236|0x00000000eec00000, 0x00000000eec00000, 0x00000000eed00000|  0%| F|  |TAMS 0x00000000eec00000, 0x00000000eec00000| Untracked 
| 237|0x00000000eed00000, 0x00000000eed00000, 0x00000000eee00000|  0%| F|  |TAMS 0x00000000eed00000, 0x00000000eed00000| Untracked 
| 238|0x00000000eee00000, 0x00000000eee00000, 0x00000000eef00000|  0%| F|  |TAMS 0x00000000eee00000, 0x00000000eee00000| Untracked 
| 239|0x00000000eef00000, 0x00000000eef00000, 0x00000000ef000000|  0%| F|  |TAMS 0x00000000eef00000, 0x00000000eef00000| Untracked 
| 240|0x00000000ef000000, 0x00000000ef000000, 0x00000000ef100000|  0%| F|  |TAMS 0x00000000ef000000, 0x00000000ef000000| Untracked 
| 241|0x00000000ef100000, 0x00000000ef100000, 0x00000000ef200000|  0%| F|  |TAMS 0x00000000ef100000, 0x00000000ef100000| Untracked 
| 242|0x00000000ef200000, 0x00000000ef200000, 0x00000000ef300000|  0%| F|  |TAMS 0x00000000ef200000, 0x00000000ef200000| Untracked 
| 243|0x00000000ef300000, 0x00000000ef300000, 0x00000000ef400000|  0%| F|  |TAMS 0x00000000ef300000, 0x00000000ef300000| Untracked 
| 244|0x00000000ef400000, 0x00000000ef400000, 0x00000000ef500000|  0%| F|  |TAMS 0x00000000ef400000, 0x00000000ef400000| Untracked 
| 245|0x00000000ef500000, 0x00000000ef500000, 0x00000000ef600000|  0%| F|  |TAMS 0x00000000ef500000, 0x00000000ef500000| Untracked 
| 246|0x00000000ef600000, 0x00000000ef600000, 0x00000000ef700000|  0%| F|  |TAMS 0x00000000ef600000, 0x00000000ef600000| Untracked 
| 247|0x00000000ef700000, 0x00000000ef700000, 0x00000000ef800000|  0%| F|  |TAMS 0x00000000ef700000, 0x00000000ef700000| Untracked 
| 248|0x00000000ef800000, 0x00000000ef800000, 0x00000000ef900000|  0%| F|  |TAMS 0x00000000ef800000, 0x00000000ef800000| Untracked 
| 249|0x00000000ef900000, 0x00000000ef900000, 0x00000000efa00000|  0%| F|  |TAMS 0x00000000ef900000, 0x00000000ef900000| Untracked 
| 250|0x00000000efa00000, 0x00000000efa00000, 0x00000000efb00000|  0%| F|  |TAMS 0x00000000efa00000, 0x00000000efa00000| Untracked 
| 251|0x00000000efb00000, 0x00000000efb00000, 0x00000000efc00000|  0%| F|  |TAMS 0x00000000efb00000, 0x00000000efb00000| Untracked 
| 252|0x00000000efc00000, 0x00000000efc10380, 0x00000000efd00000|  6%| E|  |TAMS 0x00000000efc00000, 0x00000000efc00000| Complete 
| 253|0x00000000efd00000, 0x00000000efe00000, 0x00000000efe00000|100%| E|CS|TAMS 0x00000000efd00000, 0x00000000efd00000| Complete 
| 254|0x00000000efe00000, 0x00000000eff00000, 0x00000000eff00000|100%| E|CS|TAMS 0x00000000efe00000, 0x00000000efe00000| Complete 
| 255|0x00000000eff00000, 0x00000000f0000000, 0x00000000f0000000|100%| E|CS|TAMS 0x00000000eff00000, 0x00000000eff00000| Complete 

Card table byte_map: [0x000000a8eba60000,0x000000a8ebb60000] _byte_map_base: 0x000000a8eb360000

Marking Bits (Prev, Next): (CMBitMap*) 0x000000a8d46aa7f0, (CMBitMap*) 0x000000a8d46aa7b8
 Prev Bits: [0x000000a8ec460000, 0x000000a8ecc60000)
 Next Bits: [0x000000a8ebc60000, 0x000000a8ec460000)

Polling page: 0x000000a8d3e30000

Metaspace:

Usage:
  Non-class:     62.13 MB capacity,    60.76 MB ( 98%) used,     1.13 MB (  2%) free+waste,   240.13 KB ( <1%) overhead. 
      Class:      8.95 MB capacity,     8.18 MB ( 91%) used,   688.70 KB (  8%) free+waste,   104.06 KB (  1%) overhead. 
       Both:     71.08 MB capacity,    68.94 MB ( 97%) used,     1.80 MB (  3%) free+waste,   344.19 KB ( <1%) overhead. 

Virtual space:
  Non-class space:       64.00 MB reserved,      62.25 MB ( 97%) committed 
      Class space:      248.00 MB reserved,       9.00 MB (  4%) committed 
             Both:      312.00 MB reserved,      71.25 MB ( 23%) committed 

Chunk freelists:
   Non-Class:  7.50 KB
       Class:  0 bytes
        Both:  7.50 KB

CodeHeap 'non-profiled nmethods': size=120064Kb used=16380Kb max_used=16380Kb free=103683Kb
 bounds [0x000000a8e4420000, 0x000000a8e5430000, 0x000000a8eb960000]
CodeHeap 'profiled nmethods': size=120000Kb used=33271Kb max_used=33908Kb free=86728Kb
 bounds [0x000000a8dcef0000, 0x000000a8df060000, 0x000000a8e4420000]
CodeHeap 'non-nmethods': size=5696Kb used=2246Kb max_used=2330Kb free=3450Kb
 bounds [0x000000a8dc960000, 0x000000a8dcbd0000, 0x000000a8dcef0000]
 total_blobs=26781 nmethods=15372 adapters=730
 compilation: enabled
              stopped_count=0, restarted_count=0
 full_count=0

Compilation events (10 events):
Event: 24356.761 Thread 0x000000a8eff09000 19562       3       org.gradle.internal.snapshot.impl.ImplementationSnapshot$DefaultImplementationSnapshot::isSameSnapshot (57 bytes)
Event: 24356.761 Thread 0x000000a8eff09000 nmethod 19562 0x000000a8dd82f690 code [0x000000a8dd82f880, 0x000000a8dd82fe20]
Event: 24356.803 Thread 0x000000a8eff09000 19563       3       org.gradle.internal.execution.steps.ResolveChangesStep$$Lambda$312/0x00000001006c5040::visitInputFileProperty (13 bytes)
Event: 24356.803 Thread 0x000000a8eff09000 nmethod 19563 0x000000a8dd17e910 code [0x000000a8dd17eac0, 0x000000a8dd17ec50]
Event: 24356.803 Thread 0x000000a8eff09000 19564       3       org.gradle.internal.execution.steps.ResolveChangesStep::lambda$createIncrementalInputProperties$5 (48 bytes)
Event: 24356.804 Thread 0x000000a8eff09000 nmethod 19564 0x000000a8dda68990 code [0x000000a8dda68c20, 0x000000a8dda69660]
Event: 24356.804 Thread 0x000000a8eff09000 19565       3       org.gradle.execution.plan.DefaultExecutionPlan::recordNodeCompleted (144 bytes)
Event: 24356.806 Thread 0x000000a8eff09000 nmethod 19565 0x000000a8dda66910 code [0x000000a8dda66c40, 0x000000a8dda68340]
Event: 24356.806 Thread 0x000000a8eff09000 19566       3       org.gradle.execution.plan.Node::isExecuted (16 bytes)
Event: 24356.806 Thread 0x000000a8eff09000 nmethod 19566 0x000000a8dd268090 code [0x000000a8dd268240, 0x000000a8dd268418]

GC Heap History (10 events):
Event: 19339.964 GC heap before
{Heap before GC invocations=50 (full 0):
 garbage-first heap   total 262144K, used 217543K [0x00000000e0000000, 0x0000000100000000)
  region size 1024K, 105 young (107520K), 4 survivors (4096K)
 Metaspace       used 70440K, capacity 72588K, committed 72704K, reserved 317440K
  class space    used 8372K, capacity 9167K, committed 9216K, reserved 253952K
}
Event: 19339.967 GC heap after
{Heap after GC invocations=51 (full 0):
 garbage-first heap   total 262144K, used 112941K [0x00000000e0000000, 0x0000000100000000)
  region size 1024K, 2 young (2048K), 2 survivors (2048K)
 Metaspace       used 70440K, capacity 72588K, committed 72704K, reserved 317440K
  class space    used 8372K, capacity 9167K, committed 9216K, reserved 253952K
}
Event: 23771.292 GC heap before
{Heap before GC invocations=51 (full 0):
 garbage-first heap   total 262144K, used 219437K [0x00000000e0000000, 0x0000000100000000)
  region size 1024K, 106 young (108544K), 2 survivors (2048K)
 Metaspace       used 70447K, capacity 72588K, committed 72704K, reserved 317440K
  class space    used 8373K, capacity 9167K, committed 9216K, reserved 253952K
}
Event: 23771.295 GC heap after
{Heap after GC invocations=52 (full 0):
 garbage-first heap   total 262144K, used 112029K [0x00000000e0000000, 0x0000000100000000)
  region size 1024K, 1 young (1024K), 1 survivors (1024K)
 Metaspace       used 70447K, capacity 72588K, committed 72704K, reserved 317440K
  class space    used 8373K, capacity 9167K, committed 9216K, reserved 253952K
}
Event: 24125.914 GC heap before
{Heap before GC invocations=52 (full 0):
 garbage-first heap   total 262144K, used 220573K [0x00000000e0000000, 0x0000000100000000)
  region size 1024K, 108 young (110592K), 1 survivors (1024K)
 Metaspace       used 70482K, capacity 72656K, committed 72960K, reserved 319488K
  class space    used 8374K, capacity 9167K, committed 9216K, reserved 253952K
}
Event: 24125.947 GC heap after
{Heap after GC invocations=53 (full 0):
 garbage-first heap   total 262144K, used 126224K [0x00000000e0000000, 0x0000000100000000)
  region size 1024K, 14 young (14336K), 14 survivors (14336K)
 Metaspace       used 70482K, capacity 72656K, committed 72960K, reserved 319488K
  class space    used 8374K, capacity 9167K, committed 9216K, reserved 253952K
}
Event: 24145.636 GC heap before
{Heap before GC invocations=53 (full 0):
 garbage-first heap   total 262144K, used 213264K [0x00000000e0000000, 0x0000000100000000)
  region size 1024K, 99 young (101376K), 14 survivors (14336K)
 Metaspace       used 70506K, capacity 72721K, committed 72960K, reserved 319488K
  class space    used 8374K, capacity 9167K, committed 9216K, reserved 253952K
}
Event: 24145.678 GC heap after
{Heap after GC invocations=54 (full 0):
 garbage-first heap   total 262144K, used 133781K [0x00000000e0000000, 0x0000000100000000)
  region size 1024K, 10 young (10240K), 10 survivors (10240K)
 Metaspace       used 70506K, capacity 72721K, committed 72960K, reserved 319488K
  class space    used 8374K, capacity 9167K, committed 9216K, reserved 253952K
}
Event: 24356.027 GC heap before
{Heap before GC invocations=54 (full 0):
 garbage-first heap   total 262144K, used 211605K [0x00000000e0000000, 0x0000000100000000)
  region size 1024K, 87 young (89088K), 10 survivors (10240K)
 Metaspace       used 70577K, capacity 72787K, committed 72960K, reserved 319488K
  class space    used 8374K, capacity 9167K, committed 9216K, reserved 253952K
}
Event: 24356.655 GC heap after
{Heap after GC invocations=55 (full 0):
 garbage-first heap   total 262144K, used 131072K [0x00000000e0000000, 0x0000000100000000)
  region size 1024K, 3 young (3072K), 3 survivors (3072K)
 Metaspace       used 70577K, capacity 72787K, committed 72960K, reserved 319488K
  class space    used 8374K, capacity 9167K, committed 9216K, reserved 253952K
}

Deoptimization events (10 events):
Event: 10711.430 Thread 0x000000a8f3582800 Uncommon trap: reason=profile_predicate action=maybe_recompile pc=0x000000a8e450e4b8 method=java.io.FilterOutputStream.write([BII)V @ 28 c2
Event: 10711.436 Thread 0x000000a8f3582800 Uncommon trap: reason=profile_predicate action=maybe_recompile pc=0x000000a8e450e4b8 method=java.io.FilterOutputStream.write([BII)V @ 28 c2
Event: 16394.438 Thread 0x000000a8f1ecf000 Uncommon trap: reason=unstable_if action=reinterpret pc=0x000000a8e52892e8 method=java.text.DecimalFormat.format(JLjava/lang/StringBuffer;Ljava/text/Format$FieldDelegate;)Ljava/lang/StringBuffer; @ 136 c2
Event: 16394.438 Thread 0x000000a8f1ecf000 Uncommon trap: reason=unstable_if action=reinterpret pc=0x000000a8e4fcaff0 method=java.text.DigitList.set(ZJI)V @ 8 c2
Event: 16394.438 Thread 0x000000a8f1ecf000 Uncommon trap: reason=unstable_if action=reinterpret pc=0x000000a8e528c670 method=java.text.DigitList.isZero()Z @ 7 c2
Event: 18145.796 Thread 0x000000a8f2940800 Uncommon trap: reason=unstable_if action=reinterpret pc=0x000000a8e493d504 method=java.util.concurrent.locks.AbstractQueuedSynchronizer.doReleaseShared()V @ 24 c2
Event: 23771.549 Thread 0x000000a8f37ee800 Uncommon trap: reason=unstable_if action=reinterpret pc=0x000000a8e4754ee4 method=com.sun.tools.javac.parser.JavacParser$SimpleEndPosTable.storeEnd(Lcom/sun/tools/javac/tree/JCTree;I)V @ 10 c2
Event: 23771.549 Thread 0x000000a8f37ee800 Uncommon trap: reason=unstable_if action=reinterpret pc=0x000000a8e4755e40 method=com.sun.tools.javac.parser.JavacParser$SimpleEndPosTable.storeEnd(Lcom/sun/tools/javac/tree/JCTree;I)V @ 10 c2
Event: 23771.549 Thread 0x000000a8f37ee800 Uncommon trap: reason=unstable_if action=reinterpret pc=0x000000a8e480122c method=com.sun.tools.javac.parser.JavacParser$SimpleEndPosTable.storeEnd(Lcom/sun/tools/javac/tree/JCTree;I)V @ 10 c2
Event: 24127.240 Thread 0x000000a8f293b800 Uncommon trap: reason=predicate action=maybe_recompile pc=0x000000a8e4ce0cc8 method=java.util.Collections.indexedBinarySearch(Ljava/util/List;Ljava/lang/Object;)I @ 13 c2

Classes redefined (0 events):
No events

Internal exceptions (10 events):
Event: 24207.093 Thread 0x000000a8f32ac800 Exception <a 'sun/nio/fs/WindowsException'{0x00000000edcd1f50}> (0x00000000edcd1f50) thrown at [t:/workspace/open/src/hotspot/share/prims/jni.cpp, line 615]
Event: 24207.094 Thread 0x000000a8f32ac800 Exception <a 'sun/nio/fs/WindowsException'{0x00000000edce7258}> (0x00000000edce7258) thrown at [t:/workspace/open/src/hotspot/share/prims/jni.cpp, line 615]
Event: 24207.094 Thread 0x000000a8f32ac800 Exception <a 'sun/nio/fs/WindowsException'{0x00000000edce7408}> (0x00000000edce7408) thrown at [t:/workspace/open/src/hotspot/share/prims/jni.cpp, line 615]
Event: 24207.097 Thread 0x000000a8f32ac800 Exception <a 'sun/nio/fs/WindowsException'{0x00000000edbbf048}> (0x00000000edbbf048) thrown at [t:/workspace/open/src/hotspot/share/prims/jni.cpp, line 615]
Event: 24207.097 Thread 0x000000a8f32ac800 Exception <a 'sun/nio/fs/WindowsException'{0x00000000edbbf210}> (0x00000000edbbf210) thrown at [t:/workspace/open/src/hotspot/share/prims/jni.cpp, line 615]
Event: 24207.100 Thread 0x000000a8f32ac800 Exception <a 'sun/nio/fs/WindowsException'{0x00000000eda3b998}> (0x00000000eda3b998) thrown at [t:/workspace/open/src/hotspot/share/prims/jni.cpp, line 615]
Event: 24207.104 Thread 0x000000a8f32ac800 Exception <a 'sun/nio/fs/WindowsException'{0x00000000eda88978}> (0x00000000eda88978) thrown at [t:/workspace/open/src/hotspot/share/prims/jni.cpp, line 615]
Event: 24207.104 Thread 0x000000a8f32ac800 Exception <a 'sun/nio/fs/WindowsException'{0x00000000eda88b28}> (0x00000000eda88b28) thrown at [t:/workspace/open/src/hotspot/share/prims/jni.cpp, line 615]
Event: 24207.114 Thread 0x000000a8f32ac800 Exception <a 'sun/nio/fs/WindowsException'{0x00000000ed8d95a8}> (0x00000000ed8d95a8) thrown at [t:/workspace/open/src/hotspot/share/prims/jni.cpp, line 615]
Event: 24207.120 Thread 0x000000a8f32ac800 Exception <a 'sun/nio/fs/WindowsException'{0x00000000ed7ab2d8}> (0x00000000ed7ab2d8) thrown at [t:/workspace/open/src/hotspot/share/prims/jni.cpp, line 615]

Events (10 events):
Event: 24355.976 Executing VM operation: BulkRevokeBias done
Event: 24355.981 Thread 0x000000a8f2945800 Thread added: 0x000000a8f2945800
Event: 24356.027 Executing VM operation: G1CollectForAllocation
Event: 24356.655 Executing VM operation: G1CollectForAllocation done
Event: 24356.689 Thread 0x000000a8f2947000 Thread added: 0x000000a8f2947000
Event: 24356.699 Thread 0x000000a8f2947800 Thread added: 0x000000a8f2947800
Event: 24356.699 Thread 0x000000a8f2946000 Thread added: 0x000000a8f2946000
Event: 24356.699 Thread 0x000000a8f37f0000 Thread added: 0x000000a8f37f0000
Event: 24356.703 Thread 0x000000a8f37f1000 Thread added: 0x000000a8f37f1000
Event: 24356.806 Executing VM operation: RevokeBias


Dynamic libraries:
0x00007ff7cde80000 - 0x00007ff7cdec5000 	C:\Program Files\Java\jdk-11\bin\java.exe
0x00007ffd12320000 - 0x00007ffd124cd000 	C:\Windows\SYSTEM32\ntdll.dll
0x00007ffd0ffe0000 - 0x00007ffd1011f000 	C:\Windows\system32\KERNEL32.DLL
0x00007ffcf2b20000 - 0x00007ffcf2b34000 	C:\Program Files\AVAST Software\Avast\aswhook.dll
0x00007ffd0f6b0000 - 0x00007ffd0f7c6000 	C:\Windows\system32\KERNELBASE.dll
0x00007ffd11eb0000 - 0x00007ffd12027000 	C:\Windows\system32\USER32.dll
0x00007ffd0d560000 - 0x00007ffd0d7db000 	C:\Windows\WinSxS\amd64_microsoft.windows.common-controls_6595b64144ccf1df_6.0.9600.19394_none_62486577ecb635cf\COMCTL32.dll
0x00007ffd11cb0000 - 0x00007ffd11dfc000 	C:\Windows\system32\GDI32.dll
0x00007ffd101f0000 - 0x00007ffd1029a000 	C:\Windows\system32\msvcrt.dll
0x00007ffd11c70000 - 0x00007ffd11ca6000 	C:\Windows\system32\IMM32.DLL
0x00007ffd10490000 - 0x00007ffd105e2000 	C:\Windows\system32\MSCTF.dll
0x00007ffcfe400000 - 0x00007ffcfe416000 	C:\Program Files\Java\jdk-11\bin\vcruntime140.dll
0x00007ffcff550000 - 0x00007ffcff554000 	C:\Program Files\Java\jdk-11\bin\api-ms-win-crt-runtime-l1-1-0.dll
0x00007ffcff4a0000 - 0x00007ffcff4a4000 	C:\Program Files\Java\jdk-11\bin\api-ms-win-crt-string-l1-1-0.dll
0x00007ffcfd680000 - 0x00007ffcfd683000 	C:\Program Files\Java\jdk-11\bin\api-ms-win-crt-heap-l1-1-0.dll
0x00007ffcfd670000 - 0x00007ffcfd674000 	C:\Program Files\Java\jdk-11\bin\api-ms-win-crt-stdio-l1-1-0.dll
0x00007ffcfa790000 - 0x00007ffcfa794000 	C:\Program Files\Java\jdk-11\bin\api-ms-win-crt-convert-l1-1-0.dll
0x00007ffce55b0000 - 0x00007ffce56a6000 	C:\Program Files\Java\jdk-11\bin\ucrtbase.DLL
0x00007ffce5500000 - 0x00007ffce55aa000 	C:\Program Files\Java\jdk-11\bin\msvcp140.dll
0x00007ffcfa780000 - 0x00007ffcfa783000 	C:\Program Files\Java\jdk-11\bin\api-ms-win-crt-locale-l1-1-0.dll
0x00007ffcf9230000 - 0x00007ffcf9235000 	C:\Program Files\Java\jdk-11\bin\api-ms-win-crt-math-l1-1-0.dll
0x00007ffcf9220000 - 0x00007ffcf9225000 	C:\Program Files\Java\jdk-11\bin\api-ms-win-crt-multibyte-l1-1-0.dll
0x00007ffcf9210000 - 0x00007ffcf9213000 	C:\Program Files\Java\jdk-11\bin\api-ms-win-crt-time-l1-1-0.dll
0x00007ffcf8c00000 - 0x00007ffcf8c03000 	C:\Program Files\Java\jdk-11\bin\api-ms-win-crt-filesystem-l1-1-0.dll
0x00007ffcf8bf0000 - 0x00007ffcf8bf3000 	C:\Program Files\Java\jdk-11\bin\api-ms-win-crt-environment-l1-1-0.dll
0x00007ffcf8be0000 - 0x00007ffcf8be3000 	C:\Program Files\Java\jdk-11\bin\api-ms-win-crt-utility-l1-1-0.dll
0x00007ffcd72c0000 - 0x00007ffcd7e01000 	C:\Program Files\Java\jdk-11\bin\server\jvm.dll
0x00007ffd11e00000 - 0x00007ffd11eaa000 	C:\Windows\system32\ADVAPI32.dll
0x00007ffd06230000 - 0x00007ffd06239000 	C:\Windows\SYSTEM32\WSOCK32.dll
0x00007ffd077f0000 - 0x00007ffd07812000 	C:\Windows\SYSTEM32\WINMM.dll
0x00007ffd0cf00000 - 0x00007ffd0cf0a000 	C:\Windows\SYSTEM32\VERSION.dll
0x00007ffd10480000 - 0x00007ffd10487000 	C:\Windows\system32\PSAPI.DLL
0x00007ffd105f0000 - 0x00007ffd10649000 	C:\Windows\SYSTEM32\sechost.dll
0x00007ffd12110000 - 0x00007ffd12250000 	C:\Windows\system32\RPCRT4.dll
0x00007ffd0fb70000 - 0x00007ffd0fbca000 	C:\Windows\system32\WS2_32.dll
0x00007ffd07720000 - 0x00007ffd0774a000 	C:\Windows\SYSTEM32\WINMMBASE.dll
0x00007ffd0f680000 - 0x00007ffd0f6ae000 	C:\Windows\system32\SspiCli.dll
0x00007ffd12310000 - 0x00007ffd12319000 	C:\Windows\system32\NSI.dll
0x00007ffd0f5d0000 - 0x00007ffd0f61f000 	C:\Windows\SYSTEM32\cfgmgr32.dll
0x00007ffd0e260000 - 0x00007ffd0e288000 	C:\Windows\SYSTEM32\DEVOBJ.dll
0x00007ffcf38c0000 - 0x00007ffcf38d1000 	C:\Program Files\Java\jdk-11\bin\verify.dll
0x00007ffd04ae0000 - 0x00007ffd04c69000 	C:\Windows\SYSTEM32\DBGHELP.DLL
0x00007ffce7040000 - 0x00007ffce7068000 	C:\Program Files\Java\jdk-11\bin\java.dll
0x00007ffcef5a0000 - 0x00007ffcef5b6000 	C:\Program Files\Java\jdk-11\bin\zip.dll
0x00007ffcf38b0000 - 0x00007ffcf38ba000 	C:\Program Files\Java\jdk-11\bin\jimage.dll
0x00007ffd10650000 - 0x00007ffd11b7b000 	C:\Windows\system32\SHELL32.dll
0x00007ffd0fdd0000 - 0x00007ffd0ffe0000 	C:\Windows\SYSTEM32\combase.dll
0x00007ffd12030000 - 0x00007ffd12084000 	C:\Windows\system32\SHLWAPI.dll
0x00007ffd0d9e0000 - 0x00007ffd0da92000 	C:\Windows\SYSTEM32\SHCORE.dll
0x00007ffd0f450000 - 0x00007ffd0f465000 	C:\Windows\SYSTEM32\profapi.dll
0x00007ffce9750000 - 0x00007ffce9769000 	C:\Program Files\Java\jdk-11\bin\net.dll
0x00007ffd08420000 - 0x00007ffd084e9000 	C:\Windows\SYSTEM32\WINHTTP.dll
0x00007ffd0eca0000 - 0x00007ffd0ecf9000 	C:\Windows\system32\mswsock.dll
0x00007ffce7020000 - 0x00007ffce7033000 	C:\Program Files\Java\jdk-11\bin\nio.dll
0x00007ffcfa120000 - 0x00007ffcfa146000 	C:\Users\Nathan\.gradle\native\30\windows-amd64\native-platform.dll
0x00007ffce7010000 - 0x00007ffce7019000 	C:\Program Files\Java\jdk-11\bin\management.dll
0x00007ffce6d70000 - 0x00007ffce6d7c000 	C:\Program Files\Java\jdk-11\bin\management_ext.dll
0x00007ffd0ed00000 - 0x00007ffd0ed20000 	C:\Windows\SYSTEM32\CRYPTSP.dll
0x00007ffd0e920000 - 0x00007ffd0e956000 	C:\Windows\system32\rsaenh.dll
0x00007ffd0ef50000 - 0x00007ffd0ef76000 	C:\Windows\SYSTEM32\bcrypt.dll
0x00007ffd0ea30000 - 0x00007ffd0ea51000 	C:\Windows\SYSTEM32\USERENV.dll
0x00007ffd0f2b0000 - 0x00007ffd0f313000 	C:\Windows\system32\bcryptprimitives.dll
0x00007ffd0f320000 - 0x00007ffd0f32b000 	C:\Windows\SYSTEM32\CRYPTBASE.dll
0x00007ffd08280000 - 0x00007ffd082aa000 	C:\Windows\SYSTEM32\IPHLPAPI.DLL
0x00007ffd08250000 - 0x00007ffd0825a000 	C:\Windows\SYSTEM32\WINNSI.DLL
0x00007ffd080f0000 - 0x00007ffd08106000 	C:\Windows\SYSTEM32\dhcpcsvc6.DLL
0x00007ffd080b0000 - 0x00007ffd080ca000 	C:\Windows\SYSTEM32\dhcpcsvc.DLL

dbghelp: loaded successfully - version: 4.0.5 - missing functions: none
symbol engine: initialized successfully - sym options: 0x614 - pdb path: .;C:\Program Files\Java\jdk-11\bin;C:\Windows\SYSTEM32;C:\Program Files\AVAST Software\Avast;C:\Windows\WinSxS\amd64_microsoft.windows.common-controls_6595b64144ccf1df_6.0.9600.19394_none_62486577ecb635cf;C:\Program Files\Java\jdk-11\bin\server;C:\Users\Nathan\.gradle\native\30\windows-amd64

VM Arguments:
jvm_args: --add-opens=java.base/java.util=ALL-UNNAMED --add-opens=java.base/java.lang=ALL-UNNAMED --add-opens=java.base/java.lang.invoke=ALL-UNNAMED --add-opens=java.prefs/java.util.prefs=ALL-UNNAMED -XX:MaxMetaspaceSize=256m -XX:+HeapDumpOnOutOfMemoryError -Xms256m -Xmx512m -Dfile.encoding=windows-1252 -Duser.country=FR -Duser.language=fr -Duser.variant 
java_command: org.gradle.launcher.daemon.bootstrap.GradleDaemon 6.0.1
java_class_path (initial): C:\Users\Nathan\.gradle\wrapper\dists\gradle-6.0.1-bin\1lxlpkiy24sb18odw96cp4ojv\gradle-6.0.1\lib\gradle-launcher-6.0.1.jar
Launcher Type: SUN_STANDARD

[Global flags]
     intx CICompilerCount                          = 3                                         {product} {ergonomic}
   size_t CompressedClassSpaceSize                 = 260046848                                 {product} {ergonomic}
     uint ConcGCThreads                            = 1                                         {product} {ergonomic}
     uint G1ConcRefinementThreads                  = 4                                         {product} {ergonomic}
   size_t G1HeapRegionSize                         = 1048576                                   {product} {ergonomic}
    uintx GCDrainStackTargetSize                   = 64                                        {product} {ergonomic}
     bool HeapDumpOnOutOfMemoryError               = true                                   {manageable} {command line}
   size_t InitialHeapSize                          = 268435456                                 {product} {command line}
   size_t MarkStackSize                            = 4194304                                   {product} {ergonomic}
   size_t MaxHeapSize                              = 536870912                                 {product} {command line}
   size_t MaxMetaspaceSize                         = 268435456                                 {product} {command line}
   size_t MaxNewSize                               = 321912832                                 {product} {ergonomic}
   size_t MinHeapDeltaBytes                        = 1048576                                   {product} {ergonomic}
    uintx NonNMethodCodeHeapSize                   = 5830092                                {pd product} {ergonomic}
    uintx NonProfiledCodeHeapSize                  = 122914074                              {pd product} {ergonomic}
    uintx ProfiledCodeHeapSize                     = 122914074                              {pd product} {ergonomic}
    uintx ReservedCodeCacheSize                    = 251658240                              {pd product} {ergonomic}
     bool SegmentedCodeCache                       = true                                      {product} {ergonomic}
     bool UseCompressedClassPointers               = true                                 {lp64_product} {ergonomic}
     bool UseCompressedOops                        = true                                 {lp64_product} {ergonomic}
     bool UseG1GC                                  = true                                      {product} {ergonomic}
     bool UseLargePagesIndividualAllocation        = false                                  {pd product} {ergonomic}

Logging:
Log output configuration:
 #0: stdout all=warning uptime,level,tags
 #1: stderr all=off uptime,level,tags

Environment Variables:
JAVA_HOME=C:\Program Files\Java\jdk-11
PATH=C:\Program Files (x86)\Common Files\Oracle\Java\javapath;C:\Program Files\Java\jdk-11\bin;C:\Program Files (x86)\Intel\iCLS Client\;C:\Program Files\Intel\iCLS Client\;C:\Windows\system32;C:\Windows;C:\Windows\System32\Wbem;C:\Windows\System32\WindowsPowerShell\v1.0\;C:\Program Files\Intel\Intel(R) Management Engine Components\DAL;C:\Program Files\Intel\Intel(R) Management Engine Components\IPT;C:\Program Files (x86)\Intel\Intel(R) Management Engine Components\DAL;C:\Program Files (x86)\Intel\Intel(R) Management Engine Components\IPT;C:\Program Files\Condusiv Technologies\ExpressCache\;C:\Program Files\Git\cmd;C:\Program Files\JetBrains\IntelliJ IDEA Community Edition 2019.2.3\bin;C:\Program Files\Java\apache-maven-3.6.3\bin;C:\Program Files\Java\apache-ant-1.9.14\bin;C:\Program Files\Java\gradle-6.0.1\bin;;C:\Program Files (x86)\NVIDIA Corporation\PhysX\Common;C:\Program Files\NVIDIA Corporation\NVIDIA NvDLISR
USERNAME=Nathan
OS=Windows_NT
PROCESSOR_IDENTIFIER=Intel64 Family 6 Model 69 Stepping 1, GenuineIntel



---------------  S Y S T E M  ---------------

OS: Windows 8.1 , 64 bit Build 9600 (6.3.9600.19538)

CPU:total 4 (initial active 4) (2 cores per cpu, 2 threads per core) family 6 model 69 stepping 1, cmov, cx8, fxsr, mmx, sse, sse2, sse3, ssse3, sse4.1, sse4.2, popcnt, avx, avx2, aes, clmul, erms, lzcnt, ht, tsc, tscinvbit, bmi1, bmi2, fma

Memory: 4k page, system-wide physical 8075M (2690M free)
TotalPageFile size 16267M (AvailPageFile size 9526M)
current process WorkingSet (physical memory assigned to process): 494M, peak: 497M
current process commit charge ("private bytes"): 530M, peak: 533M

vm_info: OpenJDK 64-Bit Server VM (11+28) for windows-amd64 JRE (11+28), built on Aug 23 2018 03:04:58 by "mach5one" with MS VC++ 15.5 (VS2017)

END.
